C51 COMPILER V9.60.0.0   DELAY                                                             06/08/2022 17:32:56 PAGE 1   


C51 COMPILER V9.60.0.0, COMPILATION OF MODULE DELAY
OBJECT MODULE PLACED IN .\Objects\delay.obj
COMPILER INVOKED BY: D:\Keil\C51\BIN\C51.EXE delay.c OPTIMIZE(8,SPEED) BROWSE DEBUG OBJECTEXTEND PRINT(.\Listings\delay.
                    -lst) TABS(2) OBJECT(.\Objects\delay.obj)

line level    source

   1          #include "common.h"
   2          #include "delay.h"
   3          
   4          void delay(void){ //1ms delay
   5   1        TMOD = 0x01;
   6   1        TH0 = 0xFC;
   7   1        TL0 = 0x67;
   8   1        TR0 = 1;
   9   1        while (TF0 == 0);
  10   1        TR0 = 0;
  11   1        TF0 = 0;
  12   1      }


MODULE INFORMATION:   STATIC OVERLAYABLE
   CODE SIZE        =     19    ----
   CONSTANT SIZE    =   ----    ----
   XDATA SIZE       =   ----    ----
   PDATA SIZE       =   ----    ----
   DATA SIZE        =   ----    ----
   IDATA SIZE       =   ----    ----
   BIT SIZE         =   ----    ----
END OF MODULE INFORMATION.


C51 COMPILATION COMPLETE.  0 WARNING(S),  0 ERROR(S)
