C51 COMPILER V9.60.0.0   DELAY                                                             06/08/2022 16:11:38 PAGE 1   


C51 COMPILER V9.60.0.0, COMPILATION OF MODULE DELAY
OBJECT MODULE PLACED IN .\Objects\Delay.obj
COMPILER INVOKED BY: D:\Keil\C51\BIN\C51.EXE Delay.c OPTIMIZE(8,SPEED) BROWSE DEBUG OBJECTEXTEND PRINT(.\Listings\Delay.
                    -lst) TABS(2) OBJECT(.\Objects\Delay.obj)

line level    source

   1          #include "common.h"
   2          #include "delay.h"
   3          
   4          void delay(void){
   5   1        TMOD = 0x01;
   6   1        TL0 = 0xFE;
   7   1        TH0 = 0x4B;
   8   1        TR0 = 1; //start the timer
   9   1        while (TF0 == 0);
  10   1        TR0 = 0; //stop the timer
  11   1        TF0 = 0; //reset for another round
  12   1      }


MODULE INFORMATION:   STATIC OVERLAYABLE
   CODE SIZE        =     19    ----
   CONSTANT SIZE    =   ----    ----
   XDATA SIZE       =   ----    ----
   PDATA SIZE       =   ----    ----
   DATA SIZE        =   ----    ----
   IDATA SIZE       =   ----    ----
   BIT SIZE         =   ----    ----
END OF MODULE INFORMATION.


C51 COMPILATION COMPLETE.  0 WARNING(S),  0 ERROR(S)
