C51 COMPILER V9.60.0.0   LED_BLINK_WITH_TIMER                                              06/08/2022 16:14:59 PAGE 1   


C51 COMPILER V9.60.0.0, COMPILATION OF MODULE LED_BLINK_WITH_TIMER
OBJECT MODULE PLACED IN .\Objects\LED_Blink_with_Timer.obj
COMPILER INVOKED BY: D:\Keil\C51\BIN\C51.EXE LED_Blink_with_Timer.c OPTIMIZE(8,SPEED) BROWSE DEBUG OBJECTEXTEND PRINT(.\
                    -Listings\LED_Blink_with_Timer.lst) TABS(2) OBJECT(.\Objects\LED_Blink_with_Timer.obj)

line level    source

   1          #include "common.h"
   2          #include "delay.h"
   3          
   4          sbit LED= P2^0;
   5          
   6          void main(void){
   7   1        LED = 0;
   8   1        while(1){
   9   2          LED = ~LED;
  10   2          delay();
  11   2        }
  12   1      }


MODULE INFORMATION:   STATIC OVERLAYABLE
   CODE SIZE        =      9    ----
   CONSTANT SIZE    =   ----    ----
   XDATA SIZE       =   ----    ----
   PDATA SIZE       =   ----    ----
   DATA SIZE        =   ----    ----
   IDATA SIZE       =   ----    ----
   BIT SIZE         =   ----    ----
END OF MODULE INFORMATION.


C51 COMPILATION COMPLETE.  0 WARNING(S),  0 ERROR(S)
